<?xml version="1.0" encoding="UTF-8"?>
<testsuite name="ch.lumarlie.railer.XYZTest" tests="2" skipped="0" failures="0" errors="0" timestamp="2024-09-13T20:44:18" hostname="joc-tower" time="0.013">
  <properties/>
  <testcase name="should_detect_step_turn()" classname="ch.lumarlie.railer.XYZTest" time="0.011"/>
  <testcase name="should_detect_turn()" classname="ch.lumarlie.railer.XYZTest" time="0.001"/>
  <system-out><![CDATA[]]></system-out>
  <system-err><![CDATA[]]></system-err>
</testsuite>
